<?xml version="1.0" encoding="UTF-8"?>
<!-- Generated by org.testng.reporters.JUnitXMLReporter -->
<testsuite hostname="DLLT-9497" ignored="0" name="Default test" tests="3" failures="1" timestamp="2021-06-04T17:48:47 IST" time="0.05" errors="0">
  <testcase name="createEmp" time="0.006" classname="com.interview.mPokket.testcases.CreateEmployee">
    <failure type="java.lang.Error" message="Unresolved compilation problems: 
	Syntax error, insert &amp;quot;:: IdentifierOrNew&amp;quot; to complete ReferenceExpression
	Syntax error, insert &amp;quot;;&amp;quot; to complete LocalVariableDeclarationStatement
	ss cannot be resolved to a variable
">
      <![CDATA[java.lang.Error: Unresolved compilation problems: 
Syntax error, insert ":: IdentifierOrNew" to complete ReferenceExpression
Syntax error, insert ";" to complete LocalVariableDeclarationStatement
ss cannot be resolved to a variable

at com.interview.mPokket.testcases.CreateEmployee.createEmp(CreateEmployee.java:32)
at sun.reflect.NativeMethodAccessorImpl.invoke0(Native Method)
at sun.reflect.NativeMethodAccessorImpl.invoke(NativeMethodAccessorImpl.java:62)
at sun.reflect.DelegatingMethodAccessorImpl.invoke(DelegatingMethodAccessorImpl.java:43)
at java.lang.reflect.Method.invoke(Method.java:498)
at org.testng.internal.MethodInvocationHelper.invokeMethod(MethodInvocationHelper.java:132)
at org.testng.internal.TestInvoker.invokeMethod(TestInvoker.java:599)
at org.testng.internal.TestInvoker.invokeTestMethod(TestInvoker.java:174)
at org.testng.internal.MethodRunner.runInSequence(MethodRunner.java:46)
at org.testng.internal.TestInvoker$MethodInvocationAgent.invoke(TestInvoker.java:822)
at org.testng.internal.TestInvoker.invokeTestMethods(TestInvoker.java:147)
at org.testng.internal.TestMethodWorker.invokeTestMethods(TestMethodWorker.java:146)
at org.testng.internal.TestMethodWorker.run(TestMethodWorker.java:128)
at java.util.ArrayList.forEach(ArrayList.java:1259)
at org.testng.TestRunner.privateRun(TestRunner.java:764)
at org.testng.TestRunner.run(TestRunner.java:585)
at org.testng.SuiteRunner.runTest(SuiteRunner.java:384)
at org.testng.SuiteRunner.runSequentially(SuiteRunner.java:378)
at org.testng.SuiteRunner.privateRun(SuiteRunner.java:337)
at org.testng.SuiteRunner.run(SuiteRunner.java:286)
at org.testng.SuiteRunnerWorker.runSuite(SuiteRunnerWorker.java:53)
at org.testng.SuiteRunnerWorker.run(SuiteRunnerWorker.java:96)
at org.testng.TestNG.runSuitesSequentially(TestNG.java:1218)
at org.testng.TestNG.runSuitesLocally(TestNG.java:1140)
at org.testng.TestNG.runSuites(TestNG.java:1069)
at org.testng.TestNG.run(TestNG.java:1037)
at org.testng.remote.AbstractRemoteTestNG.run(AbstractRemoteTestNG.java:115)
at org.testng.remote.RemoteTestNG.initAndRun(RemoteTestNG.java:251)
at org.testng.remote.RemoteTestNG.main(RemoteTestNG.java:77)
]]>
    </failure>
  </testcase> <!-- createEmp -->
  <testcase name="CheckEmp" time="0.0" classname="com.interview.mPokket.testcases.CreateEmployee">
    <skipped/>
  </testcase> <!-- CheckEmp -->
  <testcase name="DelEmp" time="0.0" classname="com.interview.mPokket.testcases.CreateEmployee">
    <skipped/>
  </testcase> <!-- DelEmp -->
</testsuite> <!-- Default test -->
